#
# A fatal error has been detected by the Java Runtime Environment:
#
#  EXCEPTION_ACCESS_VIOLATION (0xc0000005) at pc=0x00007ffbbce2072c, pid=10772, tid=9492
#
# JRE version: OpenJDK Runtime Environment (19.0.2+7) (build 19.0.2+7-44)
# Java VM: OpenJDK 64-Bit Server VM (19.0.2+7-44, mixed mode, sharing, tiered, compressed oops, compressed class ptrs, g1 gc, windows-amd64)
# Problematic frame:
# V  [jvm.dll+0x5b072c]
#
# No core dump will be written. Minidumps are not enabled by default on client versions of Windows
#
# If you would like to submit a bug report, please visit:
#   https://bugreport.java.com/bugreport/crash.jsp
#

---------------  S U M M A R Y ------------

Command Line: -javaagent:C:\Program Files\JetBrains\IntelliJ IDEA Community Edition 2022.3.2\lib\idea_rt.jar=51077:C:\Program Files\JetBrains\IntelliJ IDEA Community Edition 2022.3.2\bin -Dfile.encoding=UTF-8 -Dsun.stdout.encoding=UTF-8 -Dsun.stderr.encoding=UTF-8 --module-path=C:\Users\David\.m2\repository\org\openjfx\javafx-base\19\javafx-base-19-win.jar;C:\Users\David\.m2\repository\org\openjfx\javafx-fxml\19\javafx-fxml-19-win.jar;C:\Users\David\.m2\repository\org\kordamp\bootstrapfx\bootstrapfx-core\0.4.0\bootstrapfx-core-0.4.0.jar;C:\Users\David\.m2\repository\org\openjfx\javafx-controls\19\javafx-controls-19-win.jar;C:\Users\David\.m2\repository\org\controlsfx\controlsfx\11.1.1\controlsfx-11.1.1.jar;C:\Users\David\semestre_5\Fundamentos_ING_SW\Proyecto\Fund-proyect\target\classes;C:\Users\David\.m2\repository\org\openjfx\javafx-graphics\19\javafx-graphics-19-win.jar -Djdk.module.main=com.example.proyect com.example.proyect/com.example.proyect.HelloApplication

Host: AMD Ryzen 7 3700U with Radeon Vega Mobile Gfx  , 8 cores, 6G,  Windows 10 , 64 bit Build 19041 (10.0.19041.2546)
Time: Sat Mar  4 22:11:21 2023 Hora est. Pacífico, Sudamérica elapsed time: 0.854857 seconds (0d 0h 0m 0s)

---------------  T H R E A D  ---------------

Current thread (0x00000170cf4b3b90):  JavaThread "C2 CompilerThread1" daemon [_thread_in_native, id=9492, stack(0x0000006bc6a00000,0x0000006bc6b00000)]


Current CompileTask:
C2:    854  255       4       java.util.stream.ReferencePipeline$3$1::accept (23 bytes)

Stack: [0x0000006bc6a00000,0x0000006bc6b00000],  sp=0x0000006bc6afbb70,  free space=1006k
Native frames: (J=compiled Java code, j=interpreted, Vv=VM code, C=native code)
V  [jvm.dll+0x5b072c]
V  [jvm.dll+0x3861f0]
V  [jvm.dll+0x38555a]
V  [jvm.dll+0x24c3d9]
V  [jvm.dll+0x24b781]
V  [jvm.dll+0x1d6ce1]
V  [jvm.dll+0x25b25a]
V  [jvm.dll+0x2596e8]
V  [jvm.dll+0x807588]
V  [jvm.dll+0x80125a]
V  [jvm.dll+0x6ecf0b]
C  [ucrtbase.dll+0x21bb2]
C  [KERNEL32.DLL+0x17614]
C  [ntdll.dll+0x526a1]


siginfo: EXCEPTION_ACCESS_VIOLATION (0xc0000005), reading address 0xffffffffffffffff


Registers:
RAX=0x00007ffbbd0c3de0, RBX=0x00000170cfcdc270, RCX=0x00000170cfcbcea8, RDX=0x0000000000000005
RSP=0x0000006bc6afbb70, RBP=0x0000006bc6afbc70, RSI=0x0000000000000004, RDI=0x00000170cfcbcea8
R8 =0x0000006bc6afbcf0, R9 =0x00000170d06cb7d0, R10=0x00000170cfd05f50, R11=0x00000170cfd05e80
R12=0x00000000000003d8, R13=0x0000006bc6afc190, R14=0x0000006bc6afbcf0, R15=0x0000000000000000
RIP=0x00007ffbbce2072c, EFLAGS=0x0000000000010297


Register to memory mapping:

RIP=0x00007ffbbce2072c jvm.dll
RAX=0x00007ffbbd0c3de0 jvm.dll
RBX=0x00000170cfcdc270 points into unknown readable memory: 0x00007ffbbd1c7f88 | 88 7f 1c bd fb 7f 00 00
RCX=0x00000170cfcbcea8 points into unknown readable memory: 0x00007ffbbd0c3de0 | e0 3d 0c bd fb 7f 00 00
RDX=0x0000000000000005 is an unknown value
RSP=0x0000006bc6afbb70 is pointing into the stack for thread: 0x00000170cf4b3b90
RBP=0x0000006bc6afbc70 is pointing into the stack for thread: 0x00000170cf4b3b90
RSI=0x0000000000000004 is an unknown value
RDI=0x00000170cfcbcea8 points into unknown readable memory: 0x00007ffbbd0c3de0 | e0 3d 0c bd fb 7f 00 00
R8 =0x0000006bc6afbcf0 is pointing into the stack for thread: 0x00000170cf4b3b90
R9 =0x00000170d06cb7d0 points into unknown readable memory: 0x000000007fff7fff | ff 7f ff 7f 00 00 00 00
R10=0x00000170cfd05f50 points into unknown readable memory: 0x00007ffbbd1c3d18 | 18 3d 1c bd fb 7f 00 00
R11=0x00000170cfd05e80 points into unknown readable memory: 0x0000000000000000 | 00 00 00 00 00 00 00 00
R12=0x00000000000003d8 is an unknown value
R13=0x0000006bc6afc190 is pointing into the stack for thread: 0x00000170cf4b3b90
R14=0x0000006bc6afbcf0 is pointing into the stack for thread: 0x00000170cf4b3b90
R15=0x0 is NULL


Top of Stack: (sp=0x0000006bc6afbb70)
0x0000006bc6afbb70:   0000006bc6afc190 00000170cfcdc360
0x0000006bc6afbb80:   00000170cfd05e18 0000006bc6afbcf0
0x0000006bc6afbb90:   0000006bc6afbd58 0000017000000003
0x0000006bc6afbba0:   00000170d06cb7d0 0000000000009c68
0x0000006bc6afbbb0:   0000000400000004 00000170cf49fcf0
0x0000006bc6afbbc0:   0000000000000004 00000170cfa43a10
0x0000006bc6afbbd0:   0000000000000000 00000170cb1d9fe8
0x0000006bc6afbbe0:   00000170cf49fcf0 00007ffb00000004
0x0000006bc6afbbf0:   00000170cfa439f0 00007ffb00000000
0x0000006bc6afbc00:   00000170cb1d9fa8 0000000000009c68
0x0000006bc6afbc10:   0000000000000000 00000170cfec1720
0x0000006bc6afbc20:   0000000000000618 00000170cf49fcf0
0x0000006bc6afbc30:   0000000000000000 0000000000000000
0x0000006bc6afbc40:   0000000000000000 0000000000000000
0x0000006bc6afbc50:   0000017000000040 00000170cfb69fe0
0x0000006bc6afbc60:   0000000000000040 00000170cf49fcf0 

Instructions: (pc=0x00007ffbbce2072c)
0x00007ffbbce2062c:   ff 04 5b 00 0c 05 5b 00 f2 04 5b 00 f2 04 5b 00
0x00007ffbbce2063c:   f2 04 5b 00 f2 04 5b 00 ff 04 5b 00 cc cc cc cc
0x00007ffbbce2064c:   cc cc cc cc 48 8b c4 4c 89 48 20 4c 89 40 18 48
0x00007ffbbce2065c:   89 48 08 55 53 41 55 41 56 48 8d 68 b8 48 81 ec
0x00007ffbbce2066c:   28 01 00 00 48 8b da 4d 8b f0 8b 52 28 4c 8b e9
0x00007ffbbce2067c:   83 fa 01 0f 84 4e 0b 00 00 4c 8b 4d 70 48 89 70
0x00007ffbbce2068c:   d8 48 89 78 d0 4c 89 60 c8 4c 89 78 c0 4d 85 c9
0x00007ffbbce2069c:   74 09 83 fa 0a 76 04 b1 01 eb 02 32 c9 45 33 ff
0x00007ffbbce206ac:   88 4d 58 44 38 3d f5 a1 5a 00 8b c2 74 53 84 c9
0x00007ffbbce206bc:   74 4f 41 b8 01 00 00 00 41 3b d0 76 44 0f 1f 80
0x00007ffbbce206cc:   00 00 00 00 44 3b 43 18 73 0d 48 8b 43 20 41 8b
0x00007ffbbce206dc:   c8 48 8b 14 c8 eb 03 49 8b d7 8b 42 2c 81 62 30
0x00007ffbbce206ec:   ff ef ff ff 83 e0 0f 3c 0c 74 0b 8b 42 28 49 c7
0x00007ffbbce206fc:   04 c1 ff 7f ff 7f 8b 43 28 41 ff c0 44 3b c0 72
0x00007ffbbce2070c:   c3 8d 70 ff 89 74 24 44 3b 73 18 73 0a 48 8b 43
0x00007ffbbce2071c:   20 48 8b 3c f0 eb 03 49 8b ff 48 8b 07 48 8b cf
0x00007ffbbce2072c:   ff 50 20 48 3b c7 74 07 2b 73 48 89 74 24 44 41
0x00007ffbbce2073c:   bc 01 00 00 00 41 8b f4 44 89 64 24 40 44 39 64
0x00007ffbbce2074c:   24 44 0f 86 e3 01 00 00 b9 08 00 00 00 48 89 4c
0x00007ffbbce2075c:   24 68 66 90 44 8b 63 18 41 3b f4 73 0a 48 8b 43
0x00007ffbbce2076c:   20 48 8b 3c 01 eb 03 49 8b ff 8b 47 2c 83 e0 0f
0x00007ffbbce2077c:   83 f8 0c 0f 84 14 01 00 00 83 f8 08 75 15 48 8b
0x00007ffbbce2078c:   cb e8 6e b8 b9 ff 48 8b 4f 08 48 39 01 0f 84 fa
0x00007ffbbce2079c:   00 00 00 8b 47 1c 45 8b cf 85 c0 74 30 4c 8b 47
0x00007ffbbce207ac:   08 44 8b d0 49 8b 10 48 85 d2 74 17 8b 4a 28 49
0x00007ffbbce207bc:   8b 45 78 48 39 1c c8 75 0a 48 83 7a 10 00 74 03
0x00007ffbbce207cc:   41 ff c1 49 83 c0 08 49 83 ea 01 75 d7 4c 8b 7d
0x00007ffbbce207dc:   60 48 63 4f 28 49 8b 47 08 44 89 0c 88 8b 47 2c
0x00007ffbbce207ec:   24 03 3c 02 0f 85 9c 00 00 00 83 7f 18 05 0f 86
0x00007ffbbce207fc:   92 00 00 00 48 8b 07 48 8b cf ff 90 40 01 00 00
0x00007ffbbce2080c:   3d d2 00 00 00 74 13 48 8b 07 48 8b cf ff 90 40
0x00007ffbbce2081c:   01 00 00 3d da 00 00 00 75 6c 4c 8b 4f 08 4d 8b 


Stack slot to memory mapping:
stack at sp + 0 slots: 0x0000006bc6afc190 is pointing into the stack for thread: 0x00000170cf4b3b90
stack at sp + 1 slots: 0x00000170cfcdc360 points into unknown readable memory: 0x00007ffbbd1c7f88 | 88 7f 1c bd fb 7f 00 00
stack at sp + 2 slots: 0x00000170cfd05e18 points into unknown readable memory: 0x00007ffbbd17fd60 | 60 fd 17 bd fb 7f 00 00
stack at sp + 3 slots: 0x0000006bc6afbcf0 is pointing into the stack for thread: 0x00000170cf4b3b90
stack at sp + 4 slots: 0x0000006bc6afbd58 is pointing into the stack for thread: 0x00000170cf4b3b90
stack at sp + 5 slots: 0x0000017000000003 is an unknown value
stack at sp + 6 slots: 0x00000170d06cb7d0 points into unknown readable memory: 0x000000007fff7fff | ff 7f ff 7f 00 00 00 00
stack at sp + 7 slots: 0x0000000000009c68 is an unknown value


---------------  P R O C E S S  ---------------

Threads class SMR info:
_java_thread_list=0x00000170d0260e00, length=15, elements={
0x00000170ad31fba0, 0x00000170cb1c9b20, 0x00000170cb1ca650, 0x00000170cb1cdfd0,
0x00000170cb1ce900, 0x00000170cb1cf230, 0x00000170cb1d84a0, 0x00000170cb1db8b0,
0x00000170cb1dc9c0, 0x00000170cb1eea30, 0x00000170cb19d6d0, 0x00000170cf4b3b90,
0x00000170cf4b43f0, 0x00000170d01687d0, 0x00000170d001fae0
}

Java Threads: ( => current thread )
  0x00000170ad31fba0 JavaThread "main" [_thread_in_native, id=11648, stack(0x0000006bc5900000,0x0000006bc5a00000)]
  0x00000170cb1c9b20 JavaThread "Reference Handler" daemon [_thread_blocked, id=13668, stack(0x0000006bc6000000,0x0000006bc6100000)]
  0x00000170cb1ca650 JavaThread "Finalizer" daemon [_thread_blocked, id=7712, stack(0x0000006bc6100000,0x0000006bc6200000)]
  0x00000170cb1cdfd0 JavaThread "Signal Dispatcher" daemon [_thread_blocked, id=12100, stack(0x0000006bc6200000,0x0000006bc6300000)]
  0x00000170cb1ce900 JavaThread "Attach Listener" daemon [_thread_blocked, id=7532, stack(0x0000006bc6300000,0x0000006bc6400000)]
  0x00000170cb1cf230 JavaThread "Service Thread" daemon [_thread_blocked, id=9668, stack(0x0000006bc6400000,0x0000006bc6500000)]
  0x00000170cb1d84a0 JavaThread "Monitor Deflation Thread" daemon [_thread_blocked, id=3128, stack(0x0000006bc6500000,0x0000006bc6600000)]
  0x00000170cb1db8b0 JavaThread "C2 CompilerThread0" daemon [_thread_blocked, id=8600, stack(0x0000006bc6600000,0x0000006bc6700000)]
  0x00000170cb1dc9c0 JavaThread "C1 CompilerThread0" daemon [_thread_blocked, id=3116, stack(0x0000006bc6700000,0x0000006bc6800000)]
  0x00000170cb1eea30 JavaThread "Sweeper thread" daemon [_thread_blocked, id=4188, stack(0x0000006bc6800000,0x0000006bc6900000)]
  0x00000170cb19d6d0 JavaThread "Common-Cleaner" daemon [_thread_blocked, id=5176, stack(0x0000006bc6900000,0x0000006bc6a00000)]
=>0x00000170cf4b3b90 JavaThread "C2 CompilerThread1" daemon [_thread_in_native, id=9492, stack(0x0000006bc6a00000,0x0000006bc6b00000)]
  0x00000170cf4b43f0 JavaThread "C2 CompilerThread2" daemon [_thread_blocked, id=7936, stack(0x0000006bc6b00000,0x0000006bc6c00000)]
  0x00000170d01687d0 JavaThread "Monitor Ctrl-Break" daemon [_thread_in_native, id=1448, stack(0x0000006bc6c00000,0x0000006bc6d00000)]
  0x00000170d001fae0 JavaThread "Notification Thread" daemon [_thread_blocked, id=9820, stack(0x0000006bc6d00000,0x0000006bc6e00000)]

Other Threads:
  0x00000170cb1ad420 VMThread "VM Thread" [stack: 0x0000006bc5f00000,0x0000006bc6000000] [id=10564]
  0x00000170cfff77a0 WatcherThread "VM Periodic Task Thread" [stack: 0x0000006bc6e00000,0x0000006bc6f00000] [id=14744]
  0x00000170ad375e20 WorkerThread "GC Thread#0" [stack: 0x0000006bc5a00000,0x0000006bc5b00000] [id=3204]
  0x00000170ad385bd0 ConcurrentGCThread "G1 Main Marker" [stack: 0x0000006bc5b00000,0x0000006bc5c00000] [id=11820]
  0x00000170ad387c50 WorkerThread "G1 Conc#0" [stack: 0x0000006bc5c00000,0x0000006bc5d00000] [id=15040]
  0x00000170cb0720c0 ConcurrentGCThread "G1 Refine#0" [stack: 0x0000006bc5d00000,0x0000006bc5e00000] [id=15124]
  0x00000170cb072aa0 ConcurrentGCThread "G1 Service" [stack: 0x0000006bc5e00000,0x0000006bc5f00000] [id=14392]

Threads with active compile tasks:
C2 CompilerThread1      903  255       4       java.util.stream.ReferencePipeline$3$1::accept (23 bytes)

VM state: not at safepoint (normal execution)

VM Mutex/Monitor currently owned by a thread:  ([mutex/lock_event])
[0x00000170ad318dd0] Metaspace_lock - owner thread: 0x0000000000000000

Heap address: 0x0000000091000000, size: 1776 MB, Compressed Oops mode: 32-bit

CDS archive(s) mapped at: [0x0000000800000000-0x0000000800c40000-0x0000000800c40000), size 12845056, SharedBaseAddress: 0x0000000800000000, ArchiveRelocationMode: 0.
Compressed class space mapped at: 0x0000000801000000-0x0000000841000000, reserved size: 1073741824
Narrow klass base: 0x0000000800000000, Narrow klass shift: 0, Narrow klass range: 0x100000000

GC Precious Log:
 CardTable entry size: 512
 Card Set container configuration: InlinePtr #cards 5 size 8 Array Of Cards #cards 12 size 40 Howl #buckets 4 coarsen threshold 1843 Howl Bitmap #cards 512 size 80 coarsen threshold 460 Card regions per heap region 1 cards per card region 2048
 CPUs: 8 total, 8 available
 Memory: 7103M
 Large Page Support: Disabled
 NUMA Support: Disabled
 Compressed Oops: Enabled (32-bit)
 Heap Region Size: 1M
 Heap Min Capacity: 8M
 Heap Initial Capacity: 112M
 Heap Max Capacity: 1776M
 Pre-touch: Disabled
 Parallel Workers: 8
 Concurrent Workers: 2
 Concurrent Refinement Workers: 8
 Periodic GC: Disabled

Heap:
 garbage-first heap   total 114688K, used 9216K [0x0000000091000000, 0x0000000100000000)
  region size 1024K, 11 young (11264K), 0 survivors (0K)
 Metaspace       used 2033K, committed 2176K, reserved 1114112K
  class space    used 205K, committed 256K, reserved 1048576K

Heap Regions: E=young(eden), S=young(survivor), O=old, HS=humongous(starts), HC=humongous(continues), CS=collection set, F=free, OA=open archive, CA=closed archive, TAMS=top-at-mark-start (previous, next)
|   0|0x0000000091000000, 0x0000000091000000, 0x0000000091100000|  0%| F|  |TAMS 0x0000000091000000, 0x0000000091000000| Untracked 
|   1|0x0000000091100000, 0x0000000091100000, 0x0000000091200000|  0%| F|  |TAMS 0x0000000091100000, 0x0000000091100000| Untracked 
|   2|0x0000000091200000, 0x0000000091200000, 0x0000000091300000|  0%| F|  |TAMS 0x0000000091200000, 0x0000000091200000| Untracked 
|   3|0x0000000091300000, 0x0000000091300000, 0x0000000091400000|  0%| F|  |TAMS 0x0000000091300000, 0x0000000091300000| Untracked 
|   4|0x0000000091400000, 0x0000000091400000, 0x0000000091500000|  0%| F|  |TAMS 0x0000000091400000, 0x0000000091400000| Untracked 
|   5|0x0000000091500000, 0x0000000091500000, 0x0000000091600000|  0%| F|  |TAMS 0x0000000091500000, 0x0000000091500000| Untracked 
|   6|0x0000000091600000, 0x0000000091600000, 0x0000000091700000|  0%| F|  |TAMS 0x0000000091600000, 0x0000000091600000| Untracked 
|   7|0x0000000091700000, 0x0000000091700000, 0x0000000091800000|  0%| F|  |TAMS 0x0000000091700000, 0x0000000091700000| Untracked 
|   8|0x0000000091800000, 0x0000000091800000, 0x0000000091900000|  0%| F|  |TAMS 0x0000000091800000, 0x0000000091800000| Untracked 
|   9|0x0000000091900000, 0x0000000091900000, 0x0000000091a00000|  0%| F|  |TAMS 0x0000000091900000, 0x0000000091900000| Untracked 
|  10|0x0000000091a00000, 0x0000000091a00000, 0x0000000091b00000|  0%| F|  |TAMS 0x0000000091a00000, 0x0000000091a00000| Untracked 
|  11|0x0000000091b00000, 0x0000000091b00000, 0x0000000091c00000|  0%| F|  |TAMS 0x0000000091b00000, 0x0000000091b00000| Untracked 
|  12|0x0000000091c00000, 0x0000000091c00000, 0x0000000091d00000|  0%| F|  |TAMS 0x0000000091c00000, 0x0000000091c00000| Untracked 
|  13|0x0000000091d00000, 0x0000000091d00000, 0x0000000091e00000|  0%| F|  |TAMS 0x0000000091d00000, 0x0000000091d00000| Untracked 
|  14|0x0000000091e00000, 0x0000000091e00000, 0x0000000091f00000|  0%| F|  |TAMS 0x0000000091e00000, 0x0000000091e00000| Untracked 
|  15|0x0000000091f00000, 0x0000000091f00000, 0x0000000092000000|  0%| F|  |TAMS 0x0000000091f00000, 0x0000000091f00000| Untracked 
|  16|0x0000000092000000, 0x0000000092000000, 0x0000000092100000|  0%| F|  |TAMS 0x0000000092000000, 0x0000000092000000| Untracked 
|  17|0x0000000092100000, 0x0000000092100000, 0x0000000092200000|  0%| F|  |TAMS 0x0000000092100000, 0x0000000092100000| Untracked 
|  18|0x0000000092200000, 0x0000000092200000, 0x0000000092300000|  0%| F|  |TAMS 0x0000000092200000, 0x0000000092200000| Untracked 
|  19|0x0000000092300000, 0x0000000092300000, 0x0000000092400000|  0%| F|  |TAMS 0x0000000092300000, 0x0000000092300000| Untracked 
|  20|0x0000000092400000, 0x0000000092400000, 0x0000000092500000|  0%| F|  |TAMS 0x0000000092400000, 0x0000000092400000| Untracked 
|  21|0x0000000092500000, 0x0000000092500000, 0x0000000092600000|  0%| F|  |TAMS 0x0000000092500000, 0x0000000092500000| Untracked 
|  22|0x0000000092600000, 0x0000000092600000, 0x0000000092700000|  0%| F|  |TAMS 0x0000000092600000, 0x0000000092600000| Untracked 
|  23|0x0000000092700000, 0x0000000092700000, 0x0000000092800000|  0%| F|  |TAMS 0x0000000092700000, 0x0000000092700000| Untracked 
|  24|0x0000000092800000, 0x0000000092800000, 0x0000000092900000|  0%| F|  |TAMS 0x0000000092800000, 0x0000000092800000| Untracked 
|  25|0x0000000092900000, 0x0000000092900000, 0x0000000092a00000|  0%| F|  |TAMS 0x0000000092900000, 0x0000000092900000| Untracked 
|  26|0x0000000092a00000, 0x0000000092a00000, 0x0000000092b00000|  0%| F|  |TAMS 0x0000000092a00000, 0x0000000092a00000| Untracked 
|  27|0x0000000092b00000, 0x0000000092b00000, 0x0000000092c00000|  0%| F|  |TAMS 0x0000000092b00000, 0x0000000092b00000| Untracked 
|  28|0x0000000092c00000, 0x0000000092c00000, 0x0000000092d00000|  0%| F|  |TAMS 0x0000000092c00000, 0x0000000092c00000| Untracked 
|  29|0x0000000092d00000, 0x0000000092d00000, 0x0000000092e00000|  0%| F|  |TAMS 0x0000000092d00000, 0x0000000092d00000| Untracked 
|  30|0x0000000092e00000, 0x0000000092e00000, 0x0000000092f00000|  0%| F|  |TAMS 0x0000000092e00000, 0x0000000092e00000| Untracked 
|  31|0x0000000092f00000, 0x0000000092f00000, 0x0000000093000000|  0%| F|  |TAMS 0x0000000092f00000, 0x0000000092f00000| Untracked 
|  32|0x0000000093000000, 0x0000000093000000, 0x0000000093100000|  0%| F|  |TAMS 0x0000000093000000, 0x0000000093000000| Untracked 
|  33|0x0000000093100000, 0x0000000093100000, 0x0000000093200000|  0%| F|  |TAMS 0x0000000093100000, 0x0000000093100000| Untracked 
|  34|0x0000000093200000, 0x0000000093200000, 0x0000000093300000|  0%| F|  |TAMS 0x0000000093200000, 0x0000000093200000| Untracked 
|  35|0x0000000093300000, 0x0000000093300000, 0x0000000093400000|  0%| F|  |TAMS 0x0000000093300000, 0x0000000093300000| Untracked 
|  36|0x0000000093400000, 0x0000000093400000, 0x0000000093500000|  0%| F|  |TAMS 0x0000000093400000, 0x0000000093400000| Untracked 
|  37|0x0000000093500000, 0x0000000093500000, 0x0000000093600000|  0%| F|  |TAMS 0x0000000093500000, 0x0000000093500000| Untracked 
|  38|0x0000000093600000, 0x0000000093600000, 0x0000000093700000|  0%| F|  |TAMS 0x0000000093600000, 0x0000000093600000| Untracked 
|  39|0x0000000093700000, 0x0000000093700000, 0x0000000093800000|  0%| F|  |TAMS 0x0000000093700000, 0x0000000093700000| Untracked 
|  40|0x0000000093800000, 0x0000000093800000, 0x0000000093900000|  0%| F|  |TAMS 0x0000000093800000, 0x0000000093800000| Untracked 
|  41|0x0000000093900000, 0x0000000093900000, 0x0000000093a00000|  0%| F|  |TAMS 0x0000000093900000, 0x0000000093900000| Untracked 
|  42|0x0000000093a00000, 0x0000000093a00000, 0x0000000093b00000|  0%| F|  |TAMS 0x0000000093a00000, 0x0000000093a00000| Untracked 
|  43|0x0000000093b00000, 0x0000000093b00000, 0x0000000093c00000|  0%| F|  |TAMS 0x0000000093b00000, 0x0000000093b00000| Untracked 
|  44|0x0000000093c00000, 0x0000000093c00000, 0x0000000093d00000|  0%| F|  |TAMS 0x0000000093c00000, 0x0000000093c00000| Untracked 
|  45|0x0000000093d00000, 0x0000000093d00000, 0x0000000093e00000|  0%| F|  |TAMS 0x0000000093d00000, 0x0000000093d00000| Untracked 
|  46|0x0000000093e00000, 0x0000000093e00000, 0x0000000093f00000|  0%| F|  |TAMS 0x0000000093e00000, 0x0000000093e00000| Untracked 
|  47|0x0000000093f00000, 0x0000000093f00000, 0x0000000094000000|  0%| F|  |TAMS 0x0000000093f00000, 0x0000000093f00000| Untracked 
|  48|0x0000000094000000, 0x0000000094000000, 0x0000000094100000|  0%| F|  |TAMS 0x0000000094000000, 0x0000000094000000| Untracked 
|  49|0x0000000094100000, 0x0000000094100000, 0x0000000094200000|  0%| F|  |TAMS 0x0000000094100000, 0x0000000094100000| Untracked 
|  50|0x0000000094200000, 0x0000000094200000, 0x0000000094300000|  0%| F|  |TAMS 0x0000000094200000, 0x0000000094200000| Untracked 
|  51|0x0000000094300000, 0x0000000094300000, 0x0000000094400000|  0%| F|  |TAMS 0x0000000094300000, 0x0000000094300000| Untracked 
|  52|0x0000000094400000, 0x0000000094400000, 0x0000000094500000|  0%| F|  |TAMS 0x0000000094400000, 0x0000000094400000| Untracked 
|  53|0x0000000094500000, 0x0000000094500000, 0x0000000094600000|  0%| F|  |TAMS 0x0000000094500000, 0x0000000094500000| Untracked 
|  54|0x0000000094600000, 0x0000000094600000, 0x0000000094700000|  0%| F|  |TAMS 0x0000000094600000, 0x0000000094600000| Untracked 
|  55|0x0000000094700000, 0x0000000094700000, 0x0000000094800000|  0%| F|  |TAMS 0x0000000094700000, 0x0000000094700000| Untracked 
|  56|0x0000000094800000, 0x0000000094800000, 0x0000000094900000|  0%| F|  |TAMS 0x0000000094800000, 0x0000000094800000| Untracked 
|  57|0x0000000094900000, 0x0000000094900000, 0x0000000094a00000|  0%| F|  |TAMS 0x0000000094900000, 0x0000000094900000| Untracked 
|  58|0x0000000094a00000, 0x0000000094a00000, 0x0000000094b00000|  0%| F|  |TAMS 0x0000000094a00000, 0x0000000094a00000| Untracked 
|  59|0x0000000094b00000, 0x0000000094b00000, 0x0000000094c00000|  0%| F|  |TAMS 0x0000000094b00000, 0x0000000094b00000| Untracked 
|  60|0x0000000094c00000, 0x0000000094c00000, 0x0000000094d00000|  0%| F|  |TAMS 0x0000000094c00000, 0x0000000094c00000| Untracked 
|  61|0x0000000094d00000, 0x0000000094d00000, 0x0000000094e00000|  0%| F|  |TAMS 0x0000000094d00000, 0x0000000094d00000| Untracked 
|  62|0x0000000094e00000, 0x0000000094e00000, 0x0000000094f00000|  0%| F|  |TAMS 0x0000000094e00000, 0x0000000094e00000| Untracked 
|  63|0x0000000094f00000, 0x0000000094f00000, 0x0000000095000000|  0%| F|  |TAMS 0x0000000094f00000, 0x0000000094f00000| Untracked 
|  64|0x0000000095000000, 0x0000000095000000, 0x0000000095100000|  0%| F|  |TAMS 0x0000000095000000, 0x0000000095000000| Untracked 
|  65|0x0000000095100000, 0x0000000095100000, 0x0000000095200000|  0%| F|  |TAMS 0x0000000095100000, 0x0000000095100000| Untracked 
|  66|0x0000000095200000, 0x0000000095200000, 0x0000000095300000|  0%| F|  |TAMS 0x0000000095200000, 0x0000000095200000| Untracked 
|  67|0x0000000095300000, 0x0000000095300000, 0x0000000095400000|  0%| F|  |TAMS 0x0000000095300000, 0x0000000095300000| Untracked 
|  68|0x0000000095400000, 0x0000000095400000, 0x0000000095500000|  0%| F|  |TAMS 0x0000000095400000, 0x0000000095400000| Untracked 
|  69|0x0000000095500000, 0x0000000095500000, 0x0000000095600000|  0%| F|  |TAMS 0x0000000095500000, 0x0000000095500000| Untracked 
|  70|0x0000000095600000, 0x0000000095600000, 0x0000000095700000|  0%| F|  |TAMS 0x0000000095600000, 0x0000000095600000| Untracked 
|  71|0x0000000095700000, 0x0000000095700000, 0x0000000095800000|  0%| F|  |TAMS 0x0000000095700000, 0x0000000095700000| Untracked 
|  72|0x0000000095800000, 0x0000000095800000, 0x0000000095900000|  0%| F|  |TAMS 0x0000000095800000, 0x0000000095800000| Untracked 
|  73|0x0000000095900000, 0x0000000095900000, 0x0000000095a00000|  0%| F|  |TAMS 0x0000000095900000, 0x0000000095900000| Untracked 
|  74|0x0000000095a00000, 0x0000000095a00000, 0x0000000095b00000|  0%| F|  |TAMS 0x0000000095a00000, 0x0000000095a00000| Untracked 
|  75|0x0000000095b00000, 0x0000000095b00000, 0x0000000095c00000|  0%| F|  |TAMS 0x0000000095b00000, 0x0000000095b00000| Untracked 
|  76|0x0000000095c00000, 0x0000000095c00000, 0x0000000095d00000|  0%| F|  |TAMS 0x0000000095c00000, 0x0000000095c00000| Untracked 
|  77|0x0000000095d00000, 0x0000000095d00000, 0x0000000095e00000|  0%| F|  |TAMS 0x0000000095d00000, 0x0000000095d00000| Untracked 
|  78|0x0000000095e00000, 0x0000000095e00000, 0x0000000095f00000|  0%| F|  |TAMS 0x0000000095e00000, 0x0000000095e00000| Untracked 
|  79|0x0000000095f00000, 0x0000000095f00000, 0x0000000096000000|  0%| F|  |TAMS 0x0000000095f00000, 0x0000000095f00000| Untracked 
|  80|0x0000000096000000, 0x0000000096000000, 0x0000000096100000|  0%| F|  |TAMS 0x0000000096000000, 0x0000000096000000| Untracked 
|  81|0x0000000096100000, 0x0000000096100000, 0x0000000096200000|  0%| F|  |TAMS 0x0000000096100000, 0x0000000096100000| Untracked 
|  82|0x0000000096200000, 0x0000000096200000, 0x0000000096300000|  0%| F|  |TAMS 0x0000000096200000, 0x0000000096200000| Untracked 
|  83|0x0000000096300000, 0x0000000096300000, 0x0000000096400000|  0%| F|  |TAMS 0x0000000096300000, 0x0000000096300000| Untracked 
|  84|0x0000000096400000, 0x0000000096400000, 0x0000000096500000|  0%| F|  |TAMS 0x0000000096400000, 0x0000000096400000| Untracked 
|  85|0x0000000096500000, 0x0000000096500000, 0x0000000096600000|  0%| F|  |TAMS 0x0000000096500000, 0x0000000096500000| Untracked 
|  86|0x0000000096600000, 0x0000000096600000, 0x0000000096700000|  0%| F|  |TAMS 0x0000000096600000, 0x0000000096600000| Untracked 
|  87|0x0000000096700000, 0x0000000096700000, 0x0000000096800000|  0%| F|  |TAMS 0x0000000096700000, 0x0000000096700000| Untracked 
|  88|0x0000000096800000, 0x0000000096800000, 0x0000000096900000|  0%| F|  |TAMS 0x0000000096800000, 0x0000000096800000| Untracked 
|  89|0x0000000096900000, 0x0000000096900000, 0x0000000096a00000|  0%| F|  |TAMS 0x0000000096900000, 0x0000000096900000| Untracked 
|  90|0x0000000096a00000, 0x0000000096a00000, 0x0000000096b00000|  0%| F|  |TAMS 0x0000000096a00000, 0x0000000096a00000| Untracked 
|  91|0x0000000096b00000, 0x0000000096b00000, 0x0000000096c00000|  0%| F|  |TAMS 0x0000000096b00000, 0x0000000096b00000| Untracked 
|  92|0x0000000096c00000, 0x0000000096c00000, 0x0000000096d00000|  0%| F|  |TAMS 0x0000000096c00000, 0x0000000096c00000| Untracked 
|  93|0x0000000096d00000, 0x0000000096d00000, 0x0000000096e00000|  0%| F|  |TAMS 0x0000000096d00000, 0x0000000096d00000| Untracked 
|  94|0x0000000096e00000, 0x0000000096e00000, 0x0000000096f00000|  0%| F|  |TAMS 0x0000000096e00000, 0x0000000096e00000| Untracked 
|  95|0x0000000096f00000, 0x0000000096f00000, 0x0000000097000000|  0%| F|  |TAMS 0x0000000096f00000, 0x0000000096f00000| Untracked 
|  96|0x0000000097000000, 0x0000000097000000, 0x0000000097100000|  0%| F|  |TAMS 0x0000000097000000, 0x0000000097000000| Untracked 
|  97|0x0000000097100000, 0x0000000097100000, 0x0000000097200000|  0%| F|  |TAMS 0x0000000097100000, 0x0000000097100000| Untracked 
|  98|0x0000000097200000, 0x0000000097200000, 0x0000000097300000|  0%| F|  |TAMS 0x0000000097200000, 0x0000000097200000| Untracked 
|  99|0x0000000097300000, 0x0000000097300000, 0x0000000097400000|  0%| F|  |TAMS 0x0000000097300000, 0x0000000097300000| Untracked 
| 100|0x0000000097400000, 0x0000000097400000, 0x0000000097500000|  0%| F|  |TAMS 0x0000000097400000, 0x0000000097400000| Untracked 
| 101|0x0000000097500000, 0x0000000097576838, 0x0000000097600000| 46%| E|  |TAMS 0x0000000097500000, 0x0000000097500000| Complete 
| 102|0x0000000097600000, 0x0000000097700000, 0x0000000097700000|100%| E|CS|TAMS 0x0000000097600000, 0x0000000097600000| Complete 
| 103|0x0000000097700000, 0x0000000097800000, 0x0000000097800000|100%| E|CS|TAMS 0x0000000097700000, 0x0000000097700000| Complete 
| 104|0x0000000097800000, 0x0000000097900000, 0x0000000097900000|100%| E|  |TAMS 0x0000000097800000, 0x0000000097800000| Complete 
| 105|0x0000000097900000, 0x0000000097a00000, 0x0000000097a00000|100%| E|CS|TAMS 0x0000000097900000, 0x0000000097900000| Complete 
| 106|0x0000000097a00000, 0x0000000097b00000, 0x0000000097b00000|100%| E|CS|TAMS 0x0000000097a00000, 0x0000000097a00000| Complete 
| 107|0x0000000097b00000, 0x0000000097c00000, 0x0000000097c00000|100%| E|CS|TAMS 0x0000000097b00000, 0x0000000097b00000| Complete 
| 108|0x0000000097c00000, 0x0000000097d00000, 0x0000000097d00000|100%| E|CS|TAMS 0x0000000097c00000, 0x0000000097c00000| Complete 
| 109|0x0000000097d00000, 0x0000000097e00000, 0x0000000097e00000|100%| E|CS|TAMS 0x0000000097d00000, 0x0000000097d00000| Complete 
| 110|0x0000000097e00000, 0x0000000097f00000, 0x0000000097f00000|100%| E|CS|TAMS 0x0000000097e00000, 0x0000000097e00000| Complete 
| 111|0x0000000097f00000, 0x0000000098000000, 0x0000000098000000|100%| E|CS|TAMS 0x0000000097f00000, 0x0000000097f00000| Complete 

Card table byte_map: [0x00000170c4930000,0x00000170c4cb0000] _byte_map_base: 0x00000170c44a8000

Marking Bits (Prev, Next): (CMBitMap*) 0x00000170ad377300, (CMBitMap*) 0x00000170ad377340
 Prev Bits: [0x00000170c5030000, 0x00000170c6bf0000)
 Next Bits: [0x00000170c6bf0000, 0x00000170c87b0000)

Polling page: 0x00000170ab250000

Metaspace:

Usage:
  Non-class:      1.85 MB used.
      Class:    215.04 KB used.
       Both:      2.06 MB used.

Virtual space:
  Non-class space:       64.00 MB reserved,       1.94 MB (  3%) committed,  1 nodes.
      Class space:        1.00 GB reserved,     320.00 KB ( <1%) committed,  1 nodes.
             Both:        1.06 GB reserved,       2.25 MB ( <1%) committed. 

Chunk freelists:
   Non-Class:  3.51 MB
       Class:  3.63 MB
        Both:  7.14 MB

MaxMetaspaceSize: unlimited
CompressedClassSpaceSize: 1.00 GB
Initial GC threshold: 21.00 MB
Current GC threshold: 21.00 MB
CDS: on
MetaspaceReclaimPolicy: balanced
 - commit_granule_bytes: 65536.
 - commit_granule_words: 8192.
 - virtual_space_node_default_size: 8388608.
 - enlarge_chunks_in_place: 1.
 - new_chunks_are_fully_committed: 0.
 - uncommit_free_chunks: 1.
 - use_allocation_guard: 0.


Internal statistics:

num_allocs_failed_limit: 0.
num_arena_births: 100.
num_arena_deaths: 0.
num_vsnodes_births: 2.
num_vsnodes_deaths: 0.
num_space_committed: 36.
num_space_uncommitted: 0.
num_chunks_returned_to_freelist: 0.
num_chunks_taken_from_freelist: 125.
num_chunk_merges: 0.
num_chunk_splits: 89.
num_chunks_enlarged: 62.
num_inconsistent_stats: 0.

CodeHeap 'non-profiled nmethods': size=120000Kb used=208Kb max_used=208Kb free=119792Kb
 bounds [0x00000170bcd50000, 0x00000170bcfc0000, 0x00000170c4280000]
CodeHeap 'profiled nmethods': size=120000Kb used=844Kb max_used=844Kb free=119156Kb
 bounds [0x00000170b5280000, 0x00000170b54f0000, 0x00000170bc7b0000]
CodeHeap 'non-nmethods': size=5760Kb used=1227Kb max_used=1243Kb free=4532Kb
 bounds [0x00000170bc7b0000, 0x00000170bca20000, 0x00000170bcd50000]
 total_blobs=1030 nmethods=598 adapters=343
 compilation: enabled
              stopped_count=0, restarted_count=0
 full_count=0

Compilation events (20 events):
Event: 0.815 Thread 0x00000170cb1dc9c0 nmethod 482 0x00000170b5329110 code [0x00000170b53292a0, 0x00000170b53293f8]
Event: 0.815 Thread 0x00000170cb1dc9c0  483       3       java.util.concurrent.ConcurrentHashMap::setTabAt (20 bytes)
Event: 0.816 Thread 0x00000170cb1dc9c0 nmethod 483 0x00000170b5329490 code [0x00000170b5329640, 0x00000170b5329868]
Event: 0.818 Thread 0x00000170cb1dc9c0  484       3       java.lang.invoke.MethodType$ConcurrentWeakInternSet$WeakEntry::<init> (15 bytes)
Event: 0.818 Thread 0x00000170cb1dc9c0 nmethod 484 0x00000170b5329910 code [0x00000170b5329ae0, 0x00000170b5329ee8]
Event: 0.818 Thread 0x00000170cb1dc9c0  485       1       java.lang.invoke.MethodHandles$Lookup::previousLookupClass (5 bytes)
Event: 0.818 Thread 0x00000170cb1dc9c0 nmethod 485 0x00000170bcd7ad10 code [0x00000170bcd7aea0, 0x00000170bcd7af58]
Event: 0.819 Thread 0x00000170cb1db8b0  486       4       java.util.concurrent.ConcurrentHashMap::casTabAt (21 bytes)
Event: 0.820 Thread 0x00000170cb1dc9c0  487       3       java.lang.StringConcatHelper::stringOf (20 bytes)
Event: 0.821 Thread 0x00000170cb1dc9c0 nmethod 487 0x00000170b532a010 code [0x00000170b532a1c0, 0x00000170b532a408]
Event: 0.821 Thread 0x00000170cb1dc9c0  488       3       java.lang.StringConcatHelper::mix (27 bytes)
Event: 0.821 Thread 0x00000170cb1dc9c0 nmethod 488 0x00000170b532a510 code [0x00000170b532a6e0, 0x00000170b532aae8]
Event: 0.821 Thread 0x00000170cb1dc9c0  489       3       java.lang.StringConcatHelper::checkOverflow (17 bytes)
Event: 0.822 Thread 0x00000170cb1db8b0 nmethod 486 0x00000170bcd7b010 code [0x00000170bcd7b180, 0x00000170bcd7b2b8]
Event: 0.822 Thread 0x00000170cb1dc9c0 nmethod 489 0x00000170b532ac90 code [0x00000170b532ae40, 0x00000170b532b028]
Event: 0.822 Thread 0x00000170cb1dc9c0  490       1       java.security.CodeSource::getLocationNoFragString (5 bytes)
Event: 0.822 Thread 0x00000170cb1dc9c0 nmethod 490 0x00000170bcd7b310 code [0x00000170bcd7b4a0, 0x00000170bcd7b558]
Event: 0.827 Thread 0x00000170cb1dc9c0  491   !   3       java.lang.ref.ReferenceQueue::poll (40 bytes)
Event: 0.828 Thread 0x00000170cb1dc9c0 nmethod 491 0x00000170b532b110 code [0x00000170b532b360, 0x00000170b532bde8]
Event: 0.839 Thread 0x00000170cb1dc9c0  492       3       java.lang.StringConcatHelper::newArray (26 bytes)

GC Heap History (0 events):
No events

Dll operation events (8 events):
Event: 0.017 Loaded shared library C:\Users\David\.jdks\openjdk-19.0.2\bin\java.dll
Event: 0.031 Loaded shared library C:\Users\David\.jdks\openjdk-19.0.2\bin\jsvml.dll
Event: 0.119 Loaded shared library C:\Users\David\.jdks\openjdk-19.0.2\bin\net.dll
Event: 0.122 Loaded shared library C:\Users\David\.jdks\openjdk-19.0.2\bin\nio.dll
Event: 0.151 Loaded shared library C:\Users\David\.jdks\openjdk-19.0.2\bin\zip.dll
Event: 0.544 Loaded shared library C:\Users\David\.jdks\openjdk-19.0.2\bin\zip.dll
Event: 0.551 Loaded shared library C:\Users\David\.jdks\openjdk-19.0.2\bin\instrument.dll
Event: 0.695 Loaded shared library C:\Program Files\JetBrains\IntelliJ IDEA Community Edition 2022.3.2\bin\breakgen64.dll

Deoptimization events (20 events):
Event: 0.531 Thread 0x00000170ad31fba0 Uncommon trap: trap_request=0xffffff45 fr.pc=0x00000170bcd5f46c relative=0x00000000000004ac
Event: 0.531 Thread 0x00000170ad31fba0 Uncommon trap: reason=unstable_if action=reinterpret pc=0x00000170bcd5f46c method=java.lang.StringLatin1.newString([BII)Ljava/lang/String; @ 1 c2
Event: 0.531 Thread 0x00000170ad31fba0 DEOPT PACKING pc=0x00000170bcd5f46c sp=0x0000006bc59feb90
Event: 0.531 Thread 0x00000170ad31fba0 DEOPT UNPACKING pc=0x00000170bc816da3 sp=0x0000006bc59feaf0 mode 2
Event: 0.531 Thread 0x00000170ad31fba0 Uncommon trap: trap_request=0xffffff45 fr.pc=0x00000170bcd609f0 relative=0x00000000000003d0
Event: 0.531 Thread 0x00000170ad31fba0 Uncommon trap: reason=unstable_if action=reinterpret pc=0x00000170bcd609f0 method=java.lang.StringLatin1.newString([BII)Ljava/lang/String; @ 1 c2
Event: 0.531 Thread 0x00000170ad31fba0 DEOPT PACKING pc=0x00000170bcd609f0 sp=0x0000006bc59feb10
Event: 0.531 Thread 0x00000170ad31fba0 DEOPT UNPACKING pc=0x00000170bc816da3 sp=0x0000006bc59feaf0 mode 2
Event: 0.672 Thread 0x00000170ad31fba0 Uncommon trap: trap_request=0xffffff45 fr.pc=0x00000170bcd67360 relative=0x0000000000000720
Event: 0.672 Thread 0x00000170ad31fba0 Uncommon trap: reason=unstable_if action=reinterpret pc=0x00000170bcd67360 method=java.util.zip.ZipFile$Source.checkAndAddEntry(II)I @ 50 c2
Event: 0.672 Thread 0x00000170ad31fba0 DEOPT PACKING pc=0x00000170bcd67360 sp=0x0000006bc59fe120
Event: 0.672 Thread 0x00000170ad31fba0 DEOPT UNPACKING pc=0x00000170bc816da3 sp=0x0000006bc59fe090 mode 2
Event: 0.697 Thread 0x00000170ad31fba0 Uncommon trap: trap_request=0xffffff45 fr.pc=0x00000170bcd5757c relative=0x000000000000005c
Event: 0.697 Thread 0x00000170ad31fba0 Uncommon trap: reason=unstable_if action=reinterpret pc=0x00000170bcd5757c method=java.lang.String.isLatin1()Z @ 10 c2
Event: 0.697 Thread 0x00000170ad31fba0 DEOPT PACKING pc=0x00000170bcd5757c sp=0x0000006bc59fe640
Event: 0.697 Thread 0x00000170ad31fba0 DEOPT UNPACKING pc=0x00000170bc816da3 sp=0x0000006bc59fe5d0 mode 2
Event: 0.698 Thread 0x00000170ad31fba0 Uncommon trap: trap_request=0xffffff45 fr.pc=0x00000170bcd584c4 relative=0x00000000000000a4
Event: 0.698 Thread 0x00000170ad31fba0 Uncommon trap: reason=unstable_if action=reinterpret pc=0x00000170bcd584c4 method=java.lang.String.isLatin1()Z @ 10 c2
Event: 0.698 Thread 0x00000170ad31fba0 DEOPT PACKING pc=0x00000170bcd584c4 sp=0x0000006bc59ff010
Event: 0.698 Thread 0x00000170ad31fba0 DEOPT UNPACKING pc=0x00000170bc816da3 sp=0x0000006bc59fef50 mode 2

Classes loaded (20 events):
Event: 0.763 Loading class java/util/concurrent/atomic/AtomicBoolean
Event: 0.763 Loading class java/util/concurrent/atomic/AtomicBoolean done
Event: 0.773 Loading class java/lang/reflect/TypeVariable
Event: 0.773 Loading class java/lang/reflect/TypeVariable done
Event: 0.773 Loading class java/lang/InstantiationException
Event: 0.773 Loading class java/lang/InstantiationException done
Event: 0.773 Loading class java/lang/SecurityException
Event: 0.773 Loading class java/lang/SecurityException done
Event: 0.774 Loading class java/lang/reflect/AnnotatedType
Event: 0.774 Loading class java/lang/reflect/AnnotatedType done
Event: 0.780 Loading class java/util/concurrent/CountDownLatch
Event: 0.780 Loading class java/util/concurrent/CountDownLatch done
Event: 0.780 Loading class java/util/concurrent/CountDownLatch$Sync
Event: 0.780 Loading class java/util/concurrent/CountDownLatch$Sync done
Event: 0.799 Loading class java/util/concurrent/CopyOnWriteArraySet
Event: 0.800 Loading class java/util/concurrent/CopyOnWriteArraySet done
Event: 0.826 Loading class java/lang/UnsupportedOperationException
Event: 0.826 Loading class java/lang/UnsupportedOperationException done
Event: 0.838 Loading class java/lang/AssertionError
Event: 0.838 Loading class java/lang/AssertionError done

Classes unloaded (0 events):
No events

Classes redefined (0 events):
No events

Internal exceptions (10 events):
Event: 0.388 Thread 0x00000170ad31fba0 Exception <a 'java/lang/NoSuchMethodError'{0x0000000097c95038}: 'void java.lang.invoke.DirectMethodHandle$Holder.invokeSpecial(java.lang.Object, java.lang.Object, java.lang.Object)'> (0x0000000097c95038) 
thrown [s\open\src\hotspot\share\interpreter\linkResolver.cpp, line 774]
Event: 0.431 Thread 0x00000170ad31fba0 Exception <a 'java/lang/NoSuchMethodError'{0x0000000097b23b60}: 'void java.lang.invoke.DirectMethodHandle$Holder.invokeVirtual(java.lang.Object, java.lang.Object)'> (0x0000000097b23b60) 
thrown [s\open\src\hotspot\share\interpreter\linkResolver.cpp, line 774]
Event: 0.677 Thread 0x00000170ad31fba0 Exception <a 'java/lang/NoSuchMethodError'{0x0000000097840020}: 'void java.lang.invoke.DirectMethodHandle$Holder.invokeStatic(java.lang.Object, java.lang.Object, java.lang.Object)'> (0x0000000097840020) 
thrown [s\open\src\hotspot\share\interpreter\linkResolver.cpp, line 774]
Event: 0.687 Thread 0x00000170ad31fba0 Exception <a 'java/lang/NoSuchMethodError'{0x0000000097857740}: 'java.lang.Object java.lang.invoke.Invokers$Holder.invokeExact_MT(java.lang.Object, java.lang.Object, java.lang.Object, java.lang.Object, java.lang.Object)'> (0x0000000097857740) 
thrown [s\open\src\hotspot\share\interpreter\linkResolver.cpp, line 774]
Event: 0.709 Thread 0x00000170d01687d0 Exception <a 'java/lang/ClassNotFoundException'{0x000000009787abb8}: jdk/net/ExtendedSocketOptions> (0x000000009787abb8) 
thrown [s\open\src\hotspot\share\classfile\systemDictionary.cpp, line 255]
Event: 0.732 Thread 0x00000170d01687d0 Exception <a 'java/lang/NoSuchMethodError'{0x000000009787c568}: 'void java.lang.invoke.DirectMethodHandle$Holder.invokeStatic(java.lang.Object, java.lang.Object)'> (0x000000009787c568) 
thrown [s\open\src\hotspot\share\interpreter\linkResolver.cpp, line 774]
Event: 0.761 Thread 0x00000170ad31fba0 Exception <a 'java/lang/NoSuchMethodError'{0x000000009775fe38}: 'java.lang.Object java.lang.invoke.DirectMethodHandle$Holder.invokeStaticInit(java.lang.Object)'> (0x000000009775fe38) 
thrown [s\open\src\hotspot\share\interpreter\linkResolver.cpp, line 774]
Event: 0.764 Thread 0x00000170ad31fba0 Exception <a 'java/lang/NoSuchMethodError'{0x0000000097766898}: 'void java.lang.invoke.DirectMethodHandle$Holder.invokeStatic(java.lang.Object, java.lang.Object, java.lang.Object, java.lang.Object)'> (0x0000000097766898) 
thrown [s\open\src\hotspot\share\interpreter\linkResolver.cpp, line 774]
Event: 0.765 Thread 0x00000170ad31fba0 Exception <a 'java/lang/NoSuchMethodError'{0x000000009776a7f8}: 'void java.lang.invoke.DirectMethodHandle$Holder.invokeSpecial(java.lang.Object, java.lang.Object, java.lang.Object, java.lang.Object, java.lang.Object)'> (0x000000009776a7f8) 
thrown [s\open\src\hotspot\share\interpreter\linkResolver.cpp, line 774]
Event: 0.772 Thread 0x00000170ad31fba0 Exception <a 'java/lang/NoSuchMethodError'{0x000000009777d0a0}: 'java.lang.Object java.lang.invoke.Invokers$Holder.invokeExact_MT(java.lang.Object, java.lang.Object, java.lang.Object, java.lang.Object, java.lang.Object, java.lang.Object)'> (0x000000009777d0a0) 
thrown [s\open\src\hotspot\share\interpreter\linkResolver.cpp, line 774]

VM Operations (6 events):
Event: 0.511 Executing VM operation: HandshakeAllThreads
Event: 0.511 Executing VM operation: HandshakeAllThreads done
Event: 0.511 Executing VM operation: HandshakeAllThreads
Event: 0.511 Executing VM operation: HandshakeAllThreads done
Event: 0.701 Executing VM operation: HandshakeAllThreads
Event: 0.701 Executing VM operation: HandshakeAllThreads done

Events (15 events):
Event: 0.031 Thread 0x00000170ad31fba0 Thread added: 0x00000170ad31fba0
Event: 0.055 Thread 0x00000170cb1c9b20 Thread added: 0x00000170cb1c9b20
Event: 0.056 Thread 0x00000170cb1ca650 Thread added: 0x00000170cb1ca650
Event: 0.056 Thread 0x00000170cb1cdfd0 Thread added: 0x00000170cb1cdfd0
Event: 0.056 Thread 0x00000170cb1ce900 Thread added: 0x00000170cb1ce900
Event: 0.057 Thread 0x00000170cb1cf230 Thread added: 0x00000170cb1cf230
Event: 0.057 Thread 0x00000170cb1d84a0 Thread added: 0x00000170cb1d84a0
Event: 0.057 Thread 0x00000170cb1db8b0 Thread added: 0x00000170cb1db8b0
Event: 0.057 Thread 0x00000170cb1dc9c0 Thread added: 0x00000170cb1dc9c0
Event: 0.057 Thread 0x00000170cb1eea30 Thread added: 0x00000170cb1eea30
Event: 0.108 Thread 0x00000170cb19d6d0 Thread added: 0x00000170cb19d6d0
Event: 0.348 Thread 0x00000170cf4b3b90 Thread added: 0x00000170cf4b3b90
Event: 0.354 Thread 0x00000170cf4b43f0 Thread added: 0x00000170cf4b43f0
Event: 0.696 Thread 0x00000170d01687d0 Thread added: 0x00000170d01687d0
Event: 0.696 Thread 0x00000170d001fae0 Thread added: 0x00000170d001fae0


Dynamic libraries:
0x00007ff73a3d0000 - 0x00007ff73a3de000 	C:\Users\David\.jdks\openjdk-19.0.2\bin\java.exe
0x00007ffc2dc30000 - 0x00007ffc2de28000 	C:\WINDOWS\SYSTEM32\ntdll.dll
0x00007ffc2c080000 - 0x00007ffc2c13f000 	C:\WINDOWS\System32\KERNEL32.DLL
0x00007ffc2b320000 - 0x00007ffc2b5f2000 	C:\WINDOWS\System32\KERNELBASE.dll
0x00007ffc2b6a0000 - 0x00007ffc2b7a0000 	C:\WINDOWS\System32\ucrtbase.dll
0x00007ffc1f3d0000 - 0x00007ffc1f3e7000 	C:\Users\David\.jdks\openjdk-19.0.2\bin\jli.dll
0x00007ffc1f400000 - 0x00007ffc1f41b000 	C:\Users\David\.jdks\openjdk-19.0.2\bin\VCRUNTIME140.dll
0x00007ffc2bc70000 - 0x00007ffc2be11000 	C:\WINDOWS\System32\USER32.dll
0x00007ffc2b960000 - 0x00007ffc2b982000 	C:\WINDOWS\System32\win32u.dll
0x00007ffc156c0000 - 0x00007ffc1595a000 	C:\WINDOWS\WinSxS\amd64_microsoft.windows.common-controls_6595b64144ccf1df_6.0.19041.1110_none_60b5254171f9507e\COMCTL32.dll
0x00007ffc2d3f0000 - 0x00007ffc2d41b000 	C:\WINDOWS\System32\GDI32.dll
0x00007ffc2be20000 - 0x00007ffc2bebe000 	C:\WINDOWS\System32\msvcrt.dll
0x00007ffc2b7a0000 - 0x00007ffc2b8af000 	C:\WINDOWS\System32\gdi32full.dll
0x00007ffc2bbd0000 - 0x00007ffc2bc6d000 	C:\WINDOWS\System32\msvcp_win.dll
0x00007ffc2d570000 - 0x00007ffc2d5a2000 	C:\WINDOWS\System32\IMM32.DLL
0x00007ffc23d00000 - 0x00007ffc23d0c000 	C:\Users\David\.jdks\openjdk-19.0.2\bin\vcruntime140_1.dll
0x00007ffc19740000 - 0x00007ffc197ce000 	C:\Users\David\.jdks\openjdk-19.0.2\bin\msvcp140.dll
0x00007ffbbc870000 - 0x00007ffbbd530000 	C:\Users\David\.jdks\openjdk-19.0.2\bin\server\jvm.dll
0x00007ffc2d2e0000 - 0x00007ffc2d38e000 	C:\WINDOWS\System32\ADVAPI32.dll
0x00007ffc2d4d0000 - 0x00007ffc2d56c000 	C:\WINDOWS\System32\sechost.dll
0x00007ffc2cb60000 - 0x00007ffc2cc85000 	C:\WINDOWS\System32\RPCRT4.dll
0x00007ffc0ba20000 - 0x00007ffc0ba29000 	C:\WINDOWS\SYSTEM32\WSOCK32.dll
0x00007ffc214b0000 - 0x00007ffc214ba000 	C:\WINDOWS\SYSTEM32\VERSION.dll
0x00007ffc21480000 - 0x00007ffc214a7000 	C:\WINDOWS\SYSTEM32\WINMM.dll
0x00007ffc2d5b0000 - 0x00007ffc2d61b000 	C:\WINDOWS\System32\WS2_32.dll
0x00007ffc29bc0000 - 0x00007ffc29bd2000 	C:\WINDOWS\SYSTEM32\kernel.appcore.dll
0x00007ffc1ffc0000 - 0x00007ffc1ffca000 	C:\Users\David\.jdks\openjdk-19.0.2\bin\jimage.dll
0x00007ffc28c20000 - 0x00007ffc28e04000 	C:\WINDOWS\SYSTEM32\DBGHELP.DLL
0x00007ffc1c7e0000 - 0x00007ffc1c815000 	C:\WINDOWS\SYSTEM32\dbgcore.DLL
0x00007ffc2bb40000 - 0x00007ffc2bbc2000 	C:\WINDOWS\System32\bcryptPrimitives.dll
0x00007ffc24680000 - 0x00007ffc2468e000 	C:\Users\David\.jdks\openjdk-19.0.2\bin\instrument.dll
0x00007ffc19830000 - 0x00007ffc19856000 	C:\Users\David\.jdks\openjdk-19.0.2\bin\java.dll
0x00007ffc08070000 - 0x00007ffc08147000 	C:\Users\David\.jdks\openjdk-19.0.2\bin\jsvml.dll
0x00007ffc2c1a0000 - 0x00007ffc2c8e5000 	C:\WINDOWS\System32\SHELL32.dll
0x00007ffc28e10000 - 0x00007ffc295a2000 	C:\WINDOWS\SYSTEM32\windows.storage.dll
0x00007ffc2cf70000 - 0x00007ffc2d2c5000 	C:\WINDOWS\System32\combase.dll
0x00007ffc2aca0000 - 0x00007ffc2acd0000 	C:\WINDOWS\SYSTEM32\Wldp.dll
0x00007ffc2d420000 - 0x00007ffc2d4cd000 	C:\WINDOWS\System32\SHCORE.dll
0x00007ffc2d390000 - 0x00007ffc2d3e5000 	C:\WINDOWS\System32\shlwapi.dll
0x00007ffc2b260000 - 0x00007ffc2b27f000 	C:\WINDOWS\SYSTEM32\profapi.dll
0x00007ffc19af0000 - 0x00007ffc19b03000 	C:\Users\David\.jdks\openjdk-19.0.2\bin\net.dll
0x00007ffc21270000 - 0x00007ffc2137c000 	C:\WINDOWS\SYSTEM32\WINHTTP.dll
0x00007ffc2aa00000 - 0x00007ffc2aa6a000 	C:\WINDOWS\system32\mswsock.dll
0x00007ffc19540000 - 0x00007ffc19556000 	C:\Users\David\.jdks\openjdk-19.0.2\bin\nio.dll
0x00007ffc19520000 - 0x00007ffc19538000 	C:\Users\David\.jdks\openjdk-19.0.2\bin\zip.dll
0x00007ffc244a0000 - 0x00007ffc244ba000 	C:\Program Files\JetBrains\IntelliJ IDEA Community Edition 2022.3.2\bin\breakgen64.dll

dbghelp: loaded successfully - version: 4.0.5 - missing functions: none
symbol engine: initialized successfully - sym options: 0x614 - pdb path: .;C:\Users\David\.jdks\openjdk-19.0.2\bin;C:\WINDOWS\SYSTEM32;C:\WINDOWS\WinSxS\amd64_microsoft.windows.common-controls_6595b64144ccf1df_6.0.19041.1110_none_60b5254171f9507e;C:\Users\David\.jdks\openjdk-19.0.2\bin\server;C:\Program Files\JetBrains\IntelliJ IDEA Community Edition 2022.3.2\bin

VM Arguments:
jvm_args: -javaagent:C:\Program Files\JetBrains\IntelliJ IDEA Community Edition 2022.3.2\lib\idea_rt.jar=51077:C:\Program Files\JetBrains\IntelliJ IDEA Community Edition 2022.3.2\bin -Dfile.encoding=UTF-8 -Dsun.stdout.encoding=UTF-8 -Dsun.stderr.encoding=UTF-8 --module-path=C:\Users\David\.m2\repository\org\openjfx\javafx-base\19\javafx-base-19-win.jar;C:\Users\David\.m2\repository\org\openjfx\javafx-fxml\19\javafx-fxml-19-win.jar;C:\Users\David\.m2\repository\org\kordamp\bootstrapfx\bootstrapfx-core\0.4.0\bootstrapfx-core-0.4.0.jar;C:\Users\David\.m2\repository\org\openjfx\javafx-controls\19\javafx-controls-19-win.jar;C:\Users\David\.m2\repository\org\controlsfx\controlsfx\11.1.1\controlsfx-11.1.1.jar;C:\Users\David\semestre_5\Fundamentos_ING_SW\Proyecto\Fund-proyect\target\classes;C:\Users\David\.m2\repository\org\openjfx\javafx-graphics\19\javafx-graphics-19-win.jar -Djdk.module.main=com.example.proyect 
java_command: com.example.proyect/com.example.proyect.HelloApplication
java_class_path (initial): C:\Users\David\.m2\repository\org\openjfx\javafx-controls\19\javafx-controls-19.jar;C:\Users\David\.m2\repository\org\openjfx\javafx-graphics\19\javafx-graphics-19.jar;C:\Users\David\.m2\repository\org\openjfx\javafx-base\19\javafx-base-19.jar;C:\Users\David\.m2\repository\org\openjfx\javafx-fxml\19\javafx-fxml-19.jar
Launcher Type: SUN_STANDARD

[Global flags]
     intx CICompilerCount                          = 4                                         {product} {ergonomic}
     uint ConcGCThreads                            = 2                                         {product} {ergonomic}
     uint G1ConcRefinementThreads                  = 8                                         {product} {ergonomic}
   size_t G1HeapRegionSize                         = 1048576                                   {product} {ergonomic}
    uintx GCDrainStackTargetSize                   = 64                                        {product} {ergonomic}
   size_t InitialHeapSize                          = 117440512                                 {product} {ergonomic}
   size_t MarkStackSize                            = 4194304                                   {product} {ergonomic}
   size_t MaxHeapSize                              = 1862270976                                {product} {ergonomic}
   size_t MaxNewSize                               = 1116733440                                {product} {ergonomic}
   size_t MinHeapDeltaBytes                        = 1048576                                   {product} {ergonomic}
   size_t MinHeapSize                              = 8388608                                   {product} {ergonomic}
    uintx NonNMethodCodeHeapSize                   = 5839372                                {pd product} {ergonomic}
    uintx NonProfiledCodeHeapSize                  = 122909434                              {pd product} {ergonomic}
    uintx ProfiledCodeHeapSize                     = 122909434                              {pd product} {ergonomic}
    uintx ReservedCodeCacheSize                    = 251658240                              {pd product} {ergonomic}
     bool SegmentedCodeCache                       = true                                      {product} {ergonomic}
   size_t SoftMaxHeapSize                          = 1862270976                             {manageable} {ergonomic}
     bool UseCompressedClassPointers               = true                           {product lp64_product} {ergonomic}
     bool UseCompressedOops                        = true                           {product lp64_product} {ergonomic}
     bool UseG1GC                                  = true                                      {product} {ergonomic}
     bool UseLargePagesIndividualAllocation        = false                                  {pd product} {ergonomic}

Logging:
Log output configuration:
 #0: stdout all=warning uptime,level,tags foldmultilines=false
 #1: stderr all=off uptime,level,tags foldmultilines=false

Environment Variables:
PATH=C:\Program Files\Common Files\Oracle\Java\javapath;C:\Program Files (x86)\Common Files\Oracle\Java\javapath;C:\WINDOWS\system32;C:\WINDOWS;C:\WINDOWS\System32\Wbem;C:\WINDOWS\System32\WindowsPowerShell\v1.0\;C:\WINDOWS\System32\OpenSSH\;C:\Program Files\Git\cmd;C:\Javalib;"SET CLASSPATH=.;C:\Javalib\antlr-4.12.0-complete.jar;%CLASSPATH%";C:\Users\David\AppData\Local\Microsoft\WindowsApps;;C:\Program Files\JetBrains\IntelliJ IDEA Community Edition 2022.3.2\bin;;C:\Users\David\AppData\Local\Programs\Microsoft VS Code\bin
USERNAME=David
OS=Windows_NT
PROCESSOR_IDENTIFIER=AMD64 Family 23 Model 24 Stepping 1, AuthenticAMD
TMP=C:\Users\David\AppData\Local\Temp
TEMP=C:\Users\David\AppData\Local\Temp



---------------  S Y S T E M  ---------------

OS:
 Windows 10 , 64 bit Build 19041 (10.0.19041.2546)
OS uptime: 5 days 7:24 hours

CPU: total 8 (initial active 8) (8 cores per cpu, 2 threads per core) family 23 model 24 stepping 1 microcode 0x0, cx8, cmov, fxsr, ht, mmx, 3dnowpref, sse, sse2, sse3, ssse3, sse4a, sse4.1, sse4.2, popcnt, lzcnt, tsc, tscinvbit, avx, avx2, aes, clmul, bmi1, bmi2, adx, sha, fma, vzeroupper, clflush, clflushopt, rdtscp

Memory: 4k page, system-wide physical 7103M (1804M free)
TotalPageFile size 12223M (AvailPageFile size 4373M)
current process WorkingSet (physical memory assigned to process): 65M, peak: 65M
current process commit charge ("private bytes"): 217M, peak: 217M

vm_info: OpenJDK 64-Bit Server VM (19.0.2+7-44) for windows-amd64 JRE (19.0.2+7-44), built on 2022-11-30T18:02:09Z by "mach5one" with MS VC++ 17.1 (VS2022)

END.
